MSBUILD : warning MSB4056: Se debe llamar al motor de MSBuild en Singlethread-Apartment. El modelo de subprocesos actual es '"MTA". El proceso continúa, pero es posible que algunas tareas no funcionen correctamente.
Compilación iniciada a las 31/10/2021 16:18:53.
__________________________________________________
Proyecto "C:\Program Files\Micro Focus\VTS 2020.0\dat\Setup\VTS\MSBuild\HP.PC.PCS.MSBuild.proj" (RunBeforeFinish_inMSIInstall destino(s)):

[31/10/2021 16:18:54]: Target ValidateFiles Finished
Destino RunBeforeFinish_inMSIInstall:
    Destino RunBeforeFinish:
        Destino UpdateConfigureJson:
            "C:\Program Files\Micro Focus\VTS 2020.0\dat\Setup\VTS\MSBuild\..\..\..\..\web\node.exe" "C:\Program Files\Micro Focus\VTS 2020.0\dat\Setup\VTS\MSBuild\..\..\..\..\install\ConfigSPS.js" configure "C:\Program Files\Micro Focus\VTS 2020.0\dat\Setup\VTS\MSBuild\..\..\..\..\web\configure.json" 4000 "C:\ProgramData\Micro Focus\VTS\db\data"
[31/10/2021 16:18:55]: Target UpdateConfigureJson Finished
        Destino CreateAdminUIshortcut:
            "C:\WINDOWS\system32\cscript" "C:\Program Files\Micro Focus\VTS 2020.0\dat\Setup\VTS\MSBuild\..\..\..\..\install\ConfigSPS.js" createShortcut "Virtual Table Server.url" "http://localhost:4000"
            Microsoft (R) Windows Script Host versión 5.812
            Copyright (C) Microsoft Corporation. Reservados todos los derechos.
            
[31/10/2021 16:18:55]: Target CreateAdminUIshortcut Finished
[31/10/2021 16:18:55]: Target CreateDBPathDir Finished
        Destino InstallVTSService:
            sc create "VTSService" binPath= "C:\Program Files\Micro Focus\VTS 2020.0\dat\Setup\VTS\MSBuild\..\..\..\..\install\srvany.exe" DisplayName= "VTS Service"
            EXEC : [SC] CreateService warning 1073: 
            El error anterior se ha convertido en una advertencia porque se ha llamado a la tarea con ContinueOnError=true.
            
            El servicio especificado ya existe.
            
            C:\Program Files\Micro Focus\VTS 2020.0\dat\Setup\VTS\MSBuild\HP.PC.PCS.MSBuild.proj(204,10): warning MSB3073: El comando "sc create "VTSService" binPath= "C:\Program Files\Micro Focus\VTS 2020.0\dat\Setup\VTS\MSBuild\..\..\..\..\install\srvany.exe" DisplayName= "VTS Service"" salió con el código 1073.
            El error anterior se ha convertido en una advertencia porque se ha llamado a la tarea con ContinueOnError=true.
            La compilación continúa porque "ContinueOnError" en la tarea "Exec" está establecido como "true".
            sc.exe description "VTSService" "Virtual Table Server for LoadRunner"
            [SC] ChangeServiceConfig2 CORRECTO
[31/10/2021 16:18:55]: Target InstallVTSService Finished
        Compilación terminada del destino "InstallVTSService" en el proyecto "HP.PC.PCS.MSBuild.proj".
        Destino AutoLaunch:
            sc config "VTSService" start= auto
            [SC] ChangeServiceConfig CORRECTO
            net start "VTSService"
            Error de sistema 2.
            
            El sistema no puede encontrar el archivo especificado.
            
            C:\Program Files\Micro Focus\VTS 2020.0\dat\Setup\VTS\MSBuild\HP.PC.PCS.MSBuild.proj(221,3): warning MSB3073: El comando "net start "VTSService"" salió con el código 2.
            El error anterior se ha convertido en una advertencia porque se ha llamado a la tarea con ContinueOnError=true.
            La compilación continúa porque "ContinueOnError" en la tarea "Exec" está establecido como "true".
[31/10/2021 16:18:55]: Target AutoLaunch Finished
        Compilación terminada del destino "AutoLaunch" en el proyecto "HP.PC.PCS.MSBuild.proj".
[31/10/2021 16:18:55]: Target RunBeforeFinish Finished
    Compilación terminada del destino "RunBeforeFinish" en el proyecto "HP.PC.PCS.MSBuild.proj".
[31/10/2021 16:18:55]: Target RunBeforeFinish_inMSIInstall Finished
Compilación terminada del destino "RunBeforeFinish_inMSIInstall" en el proyecto "HP.PC.PCS.MSBuild.proj".

Compilación del proyecto "HP.PC.PCS.MSBuild.proj" terminada.

Compilación correcta.

MSBUILD : warning MSB4056: Se debe llamar al motor de MSBuild en Singlethread-Apartment. El modelo de subprocesos actual es '"MTA". El proceso continúa, pero es posible que algunas tareas no funcionen correctamente.
EXEC : [SC] CreateService warning 1073: 
C:\Program Files\Micro Focus\VTS 2020.0\dat\Setup\VTS\MSBuild\HP.PC.PCS.MSBuild.proj(204,10): warning MSB3073: El comando "sc create "VTSService" binPath= "C:\Program Files\Micro Focus\VTS 2020.0\dat\Setup\VTS\MSBuild\..\..\..\..\install\srvany.exe" DisplayName= "VTS Service"" salió con el código 1073.
C:\Program Files\Micro Focus\VTS 2020.0\dat\Setup\VTS\MSBuild\HP.PC.PCS.MSBuild.proj(221,3): warning MSB3073: El comando "net start "VTSService"" salió con el código 2.
    4 Advertencia(s)
    0 Errores

Tiempo transcurrido 00:00:02.00
